<?xml version="1.0" encoding="UTF-8"?>
<!-- Generated by org.testng.reporters.JUnitReportReporter -->
<testsuite hostname="DE-L089116" failures="0" tests="2" name="com.qacart.todo.testcases.TodoTest" time="19.835" errors="0" timestamp="2023-07-30T14:57:54 MESZ" skipped="0">
  <testcase classname="com.qacart.todo.testcases.TodoTest" name="shouldBeAbleToDeleteTodo" time="9.353"/>
  <system-out/>
  <testcase classname="com.qacart.todo.testcases.TodoTest" name="shouldBeAbleToAddNewTodo" time="10.482"/>
  <system-out/>
</testsuite> <!-- com.qacart.todo.testcases.TodoTest -->
