<?xml version="1.0" encoding="UTF-8"?>
<!-- Generated by org.testng.reporters.JUnitReportReporter -->
<testsuite hostname="DE-L089116" failures="0" tests="1" name="com.qacart.todo.testcases.LoginTest" time="10.123" errors="0" timestamp="2023-07-30T14:57:54 MESZ" skipped="0">
  <testcase classname="com.qacart.todo.testcases.LoginTest" name="shouldBeAbleToLoginWithEmailAndPassword" time="10.123"/>
  <system-out/>
</testsuite> <!-- com.qacart.todo.testcases.LoginTest -->
