<?xml version="1.0" encoding="UTF-8"?>
<!-- Generated by org.testng.reporters.JUnitReportReporter -->
<testsuite hostname="DE-L089116" failures="0" tests="2" name="com.qacart.todo.testcases.TodoTest" time="15.976" errors="0" timestamp="2023-07-30T15:37:26 MESZ" skipped="0">
  <testcase classname="com.qacart.todo.testcases.TodoTest" name="shouldBeAbleToAddNewTodo" time="7.881"/>
  <system-out/>
  <testcase classname="com.qacart.todo.testcases.TodoTest" name="shouldBeAbleToDeleteTodo" time="8.095"/>
  <system-out/>
</testsuite> <!-- com.qacart.todo.testcases.TodoTest -->
