<?xml version="1.0" encoding="UTF-8"?>
<!-- Generated by org.testng.reporters.JUnitReportReporter -->
<testsuite hostname="DE-L089116" failures="0" tests="1" name="com.qacart.todo.testcases.LoginTest" time="6.296" errors="0" timestamp="2023-10-12T18:12:22 MESZ" skipped="0">
  <testcase classname="com.qacart.todo.testcases.LoginTest" name="shouldBeAbleToLoginWithEmailAndPassword" time="6.296"/>
  <system-out/>
</testsuite> <!-- com.qacart.todo.testcases.LoginTest -->
