<?xml version="1.0" encoding="UTF-8"?>
<!-- Generated by org.testng.reporters.JUnitReportReporter -->
<testsuite hostname="Ahmed-Eid-ElGhawy" failures="0" tests="1" name="com.qacart.todo.testcases.LoginTest" time="12.202" errors="0" timestamp="2023-05-05T22:53:35 MESZ" skipped="0">
  <testcase classname="com.qacart.todo.testcases.LoginTest" name="shouldBeAbleToLoginWithEmailAndPassword" time="12.202"/>
  <system-out/>
</testsuite> <!-- com.qacart.todo.testcases.LoginTest -->
