<?xml version="1.0" encoding="UTF-8"?>
<!-- Generated by org.testng.reporters.JUnitReportReporter -->
<testsuite hostname="Ahmed-Eid-ElGhawy" failures="0" tests="2" name="com.qacart.todo.testcases.TodoTest" time="37.017" errors="0" timestamp="2023-05-05T22:53:35 MESZ" skipped="0">
  <testcase classname="com.qacart.todo.testcases.TodoTest" name="shouldBeAbleToDeleteTodo" time="18.349"/>
  <system-out/>
  <testcase classname="com.qacart.todo.testcases.TodoTest" name="shouldBeAbleToAddNewTodo" time="18.668"/>
  <system-out/>
</testsuite> <!-- com.qacart.todo.testcases.TodoTest -->
